{"/home/runner/Stock-Data/.build/utils/searchStock.js": {"path":"/home/runner/Stock-Data/.build/utils/searchStock.js","statementMap":{"0":{"start":{"line":1,"column":15},"end":{"line":1,"column":28}},"1":{"start":{"line":2,"column":16},"end":{"line":2,"column":37}},"2":{"start":{"line":3,"column":23},"end":{"line":3,"column":54}},"3":{"start":{"line":4,"column":24},"end":{"line":4,"column":50}},"4":{"start":{"line":5,"column":19},"end":{"line":5,"column":40}},"5":{"start":{"line":6,"column":19},"end":{"line":6,"column":50}},"6":{"start":{"line":7,"column":21},"end":{"line":7,"column":81}},"7":{"start":{"line":7,"column":33},"end":{"line":7,"column":81}},"8":{"start":{"line":8,"column":15},"end":{"line":12,"column":1}},"9":{"start":{"line":9,"column":2},"end":{"line":9,"column":25}},"10":{"start":{"line":10,"column":2},"end":{"line":11,"column":66}},"11":{"start":{"line":11,"column":4},"end":{"line":11,"column":66}},"12":{"start":{"line":13,"column":17},"end":{"line":20,"column":1}},"13":{"start":{"line":14,"column":2},"end":{"line":18,"column":3}},"14":{"start":{"line":15,"column":4},"end":{"line":17,"column":133}},"15":{"start":{"line":16,"column":6},"end":{"line":17,"column":133}},"16":{"start":{"line":17,"column":8},"end":{"line":17,"column":133}},"17":{"start":{"line":17,"column":44},"end":{"line":17,"column":56}},"18":{"start":{"line":19,"column":2},"end":{"line":19,"column":16}},"19":{"start":{"line":21,"column":17},"end":{"line":23,"column":1}},"20":{"start":{"line":22,"column":2},"end":{"line":22,"column":268}},"21":{"start":{"line":22,"column":181},"end":{"line":22,"column":196}},"22":{"start":{"line":24,"column":0},"end":{"line":27,"column":3}},"23":{"start":{"line":25,"column":17},"end":{"line":25,"column":24}},"24":{"start":{"line":26,"column":21},"end":{"line":26,"column":32}},"25":{"start":{"line":28,"column":19},"end":{"line":28,"column":47}},"26":{"start":{"line":29,"column":22},"end":{"line":29,"column":53}},"27":{"start":{"line":30,"column":11},"end":{"line":33,"column":2}},"28":{"start":{"line":35,"column":18},"end":{"line":35,"column":39}},"29":{"start":{"line":36,"column":2},"end":{"line":39,"column":19}},"30":{"start":{"line":37,"column":4},"end":{"line":37,"column":37}},"31":{"start":{"line":39,"column":4},"end":{"line":39,"column":19}},"32":{"start":{"line":41,"column":16},"end":{"line":52,"column":1}},"33":{"start":{"line":42,"column":14},"end":{"line":42,"column":124}},"34":{"start":{"line":44,"column":2},"end":{"line":50,"column":3}},"35":{"start":{"line":45,"column":17},"end":{"line":45,"column":52}},"36":{"start":{"line":46,"column":4},"end":{"line":46,"column":63}},"37":{"start":{"line":48,"column":4},"end":{"line":48,"column":23}},"38":{"start":{"line":49,"column":4},"end":{"line":49,"column":14}},"39":{"start":{"line":51,"column":2},"end":{"line":51,"column":17}},"40":{"start":{"line":54,"column":0},"end":{"line":57,"column":3}}},"fnMap":{"0":{"name":"(anonymous_0)","decl":{"start":{"line":7,"column":21},"end":{"line":7,"column":22}},"loc":{"start":{"line":7,"column":33},"end":{"line":7,"column":81}},"line":7},"1":{"name":"(anonymous_1)","decl":{"start":{"line":8,"column":15},"end":{"line":8,"column":16}},"loc":{"start":{"line":8,"column":32},"end":{"line":12,"column":1}},"line":8},"2":{"name":"(anonymous_2)","decl":{"start":{"line":13,"column":17},"end":{"line":13,"column":18}},"loc":{"start":{"line":13,"column":44},"end":{"line":20,"column":1}},"line":13},"3":{"name":"(anonymous_3)","decl":{"start":{"line":17,"column":38},"end":{"line":17,"column":39}},"loc":{"start":{"line":17,"column":44},"end":{"line":17,"column":56}},"line":17},"4":{"name":"(anonymous_4)","decl":{"start":{"line":21,"column":17},"end":{"line":21,"column":18}},"loc":{"start":{"line":21,"column":30},"end":{"line":23,"column":1}},"line":21},"5":{"name":"(anonymous_5)","decl":{"start":{"line":22,"column":175},"end":{"line":22,"column":176}},"loc":{"start":{"line":22,"column":181},"end":{"line":22,"column":196}},"line":22},"6":{"name":"(anonymous_6)","decl":{"start":{"line":25,"column":11},"end":{"line":25,"column":12}},"loc":{"start":{"line":25,"column":17},"end":{"line":25,"column":24}},"line":25},"7":{"name":"(anonymous_7)","decl":{"start":{"line":26,"column":15},"end":{"line":26,"column":16}},"loc":{"start":{"line":26,"column":21},"end":{"line":26,"column":32}},"line":26},"8":{"name":"searchStock","decl":{"start":{"line":34,"column":15},"end":{"line":34,"column":26}},"loc":{"start":{"line":34,"column":35},"end":{"line":40,"column":1}},"line":34},"9":{"name":"(anonymous_9)","decl":{"start":{"line":41,"column":16},"end":{"line":41,"column":17}},"loc":{"start":{"line":41,"column":34},"end":{"line":52,"column":1}},"line":41}},"branchMap":{"0":{"loc":{"start":{"line":14,"column":2},"end":{"line":18,"column":3}},"type":"if","locations":[{"start":{"line":14,"column":2},"end":{"line":18,"column":3}},{"start":{},"end":{}}],"line":14},"1":{"loc":{"start":{"line":14,"column":6},"end":{"line":14,"column":77}},"type":"binary-expr","locations":[{"start":{"line":14,"column":6},"end":{"line":14,"column":13}},{"start":{"line":14,"column":17},"end":{"line":14,"column":44}},{"start":{"line":14,"column":48},"end":{"line":14,"column":77}}],"line":14},"2":{"loc":{"start":{"line":16,"column":6},"end":{"line":17,"column":133}},"type":"if","locations":[{"start":{"line":16,"column":6},"end":{"line":17,"column":133}},{"start":{},"end":{}}],"line":16},"3":{"loc":{"start":{"line":16,"column":10},"end":{"line":16,"column":62}},"type":"binary-expr","locations":[{"start":{"line":16,"column":10},"end":{"line":16,"column":41}},{"start":{"line":16,"column":45},"end":{"line":16,"column":62}}],"line":16},"4":{"loc":{"start":{"line":17,"column":70},"end":{"line":17,"column":129}},"type":"binary-expr","locations":[{"start":{"line":17,"column":70},"end":{"line":17,"column":110}},{"start":{"line":17,"column":114},"end":{"line":17,"column":129}}],"line":17},"5":{"loc":{"start":{"line":22,"column":45},"end":{"line":22,"column":99}},"type":"cond-expr","locations":[{"start":{"line":22,"column":63},"end":{"line":22,"column":94}},{"start":{"line":22,"column":97},"end":{"line":22,"column":99}}],"line":22},"6":{"loc":{"start":{"line":22,"column":112},"end":{"line":22,"column":255}},"type":"cond-expr","locations":[{"start":{"line":22,"column":168},"end":{"line":22,"column":216}},{"start":{"line":22,"column":219},"end":{"line":22,"column":255}}],"line":22},"7":{"loc":{"start":{"line":22,"column":112},"end":{"line":22,"column":165}},"type":"binary-expr","locations":[{"start":{"line":22,"column":112},"end":{"line":22,"column":119}},{"start":{"line":22,"column":123},"end":{"line":22,"column":141}},{"start":{"line":22,"column":145},"end":{"line":22,"column":165}}],"line":22},"8":{"loc":{"start":{"line":36,"column":2},"end":{"line":39,"column":19}},"type":"if","locations":[{"start":{"line":36,"column":2},"end":{"line":39,"column":19}},{"start":{"line":39,"column":4},"end":{"line":39,"column":19}}],"line":36},"9":{"loc":{"start":{"line":46,"column":14},"end":{"line":46,"column":62}},"type":"cond-expr","locations":[{"start":{"line":46,"column":29},"end":{"line":46,"column":35}},{"start":{"line":46,"column":38},"end":{"line":46,"column":62}}],"line":46},"10":{"loc":{"start":{"line":54,"column":0},"end":{"line":57,"column":2}},"type":"binary-expr","locations":[{"start":{"line":54,"column":0},"end":{"line":54,"column":1}},{"start":{"line":54,"column":6},"end":{"line":57,"column":1}}],"line":54}},"s":{"0":1,"1":1,"2":1,"3":1,"4":1,"5":1,"6":1,"7":3,"8":1,"9":1,"10":1,"11":2,"12":1,"13":2,"14":2,"15":31,"16":30,"17":0,"18":2,"19":1,"20":2,"21":0,"22":1,"23":0,"24":1,"25":1,"26":1,"27":1,"28":1,"29":1,"30":0,"31":1,"32":1,"33":1,"34":1,"35":1,"36":1,"37":0,"38":0,"39":1,"40":1},"f":{"0":3,"1":1,"2":2,"3":0,"4":2,"5":0,"6":0,"7":1,"8":1,"9":1},"b":{"0":[2,0],"1":[2,2,1],"2":[30,1],"3":[31,30],"4":[30,30],"5":[2,0],"6":[0,2],"7":[2,2,0],"8":[0,1],"9":[0,1],"10":[1,0]},"inputSourceMap":null,"_coverageSchema":"1a1c01bbd47fc00a2c39e90264f33305004495a9","hash":"013c6c54ad45e89ab2d781531ab4313ba5d5da3a"}
,"/home/runner/Stock-Data/utils/searchStock.ts": {"path":"/home/runner/Stock-Data/utils/searchStock.ts","statementMap":{"0":{"start":{"line":1,"column":0},"end":{"line":1,"column":25}},"1":{"start":{"line":2,"column":0},"end":{"line":2,"column":32}},"2":{"start":{"line":3,"column":11},"end":{"line":6,"column":2}},"3":{"start":{"line":27,"column":18},"end":{"line":27,"column":39}},"4":{"start":{"line":28,"column":2},"end":{"line":29,"column":null}},"5":{"start":{"line":28,"column":28},"end":{"line":28,"column":null}},"6":{"start":{"line":29,"column":7},"end":{"line":29,"column":null}},"7":{"start":{"line":26,"column":0},"end":{"line":26,"column":7}},"8":{"start":{"line":32,"column":23},"end":{"line":43,"column":1}},"9":{"start":{"line":33,"column":14},"end":{"line":33,"column":124}},"10":{"start":{"line":35,"column":2},"end":{"line":41,"column":null}},"11":{"start":{"line":36,"column":32},"end":{"line":36,"column":52}},"12":{"start":{"line":37,"column":4},"end":{"line":37,"column":null}},"13":{"start":{"line":39,"column":4},"end":{"line":39,"column":null}},"14":{"start":{"line":40,"column":4},"end":{"line":40,"column":null}},"15":{"start":{"line":42,"column":2},"end":{"line":42,"column":null}},"16":{"start":{"line":32,"column":13},"end":{"line":32,"column":23}},"17":{"start":{"line":73,"column":15},"end":{"line":73,"column":32}},"18":{"start":{"line":74,"column":22},"end":{"line":74,"column":27}},"19":{"start":{"line":75,"column":2},"end":{"line":82,"column":null}},"20":{"start":{"line":76,"column":4},"end":{"line":81,"column":null}},"21":{"start":{"line":77,"column":6},"end":{"line":80,"column":null}},"22":{"start":{"line":78,"column":8},"end":{"line":78,"column":null}},"23":{"start":{"line":79,"column":8},"end":{"line":79,"column":null}},"24":{"start":{"line":83,"column":2},"end":{"line":83,"column":null}},"25":{"start":{"line":72,"column":0},"end":{"line":72,"column":16}}},"fnMap":{"0":{"name":"searchStock","decl":{"start":{"line":26,"column":22},"end":{"line":26,"column":33}},"loc":{"start":{"line":26,"column":48},"end":{"line":30,"column":1}}},"1":{"name":"(anonymous_2)","decl":{"start":{"line":32,"column":23},"end":{"line":32,"column":28}},"loc":{"start":{"line":32,"column":67},"end":{"line":43,"column":1}}},"2":{"name":"selectStockFromOptions","decl":{"start":{"line":72,"column":16},"end":{"line":72,"column":38}},"loc":{"start":{"line":72,"column":75},"end":{"line":84,"column":1}}},"3":{"name":"(anonymous_4)","decl":{"start":{"line":75,"column":18},"end":{"line":75,"column":19}},"loc":{"start":{"line":75,"column":37},"end":{"line":82,"column":3}}}},"branchMap":{"0":{"loc":{"start":{"line":28,"column":2},"end":{"line":29,"column":null}},"type":"if","locations":[{"start":{"line":28,"column":2},"end":{"line":29,"column":null}},{"start":{"line":29,"column":7},"end":{"line":29,"column":null}}]},"1":{"loc":{"start":{"line":76,"column":4},"end":{"line":81,"column":null}},"type":"if","locations":[{"start":{"line":76,"column":4},"end":{"line":81,"column":null}}]},"2":{"loc":{"start":{"line":77,"column":6},"end":{"line":80,"column":null}},"type":"if","locations":[{"start":{"line":77,"column":6},"end":{"line":80,"column":null}}]}},"s":{"0":1,"1":1,"2":1,"3":0,"4":0,"5":0,"6":0,"7":1,"8":1,"9":0,"10":0,"11":0,"12":0,"13":0,"14":0,"15":0,"16":1,"17":2,"18":2,"19":2,"20":20,"21":12,"22":1,"23":1,"24":2,"25":1},"f":{"0":0,"1":0,"2":2,"3":20},"b":{"0":[0,0],"1":[12],"2":[1]}}
}
