TN:
SF:.build/utils/searchStock.js
FN:7,(anonymous_0)
FN:8,(anonymous_1)
FN:13,(anonymous_2)
FN:17,(anonymous_3)
FN:21,(anonymous_4)
FN:22,(anonymous_5)
FN:25,(anonymous_6)
FN:26,(anonymous_7)
FN:27,(anonymous_8)
FN:36,searchStock
FN:51,(anonymous_10)
FN:63,createPromptFromMatches
FN:65,(anonymous_12)
FN:70,selectStockFromOptions
FN:73,(anonymous_14)
FNF:15
FNH:7
FNDA:3,(anonymous_0)
FNDA:1,(anonymous_1)
FNDA:2,(anonymous_2)
FNDA:0,(anonymous_3)
FNDA:2,(anonymous_4)
FNDA:0,(anonymous_5)
FNDA:0,(anonymous_6)
FNDA:0,(anonymous_7)
FNDA:2,(anonymous_8)
FNDA:0,searchStock
FNDA:0,(anonymous_10)
FNDA:0,createPromptFromMatches
FNDA:0,(anonymous_12)
FNDA:2,selectStockFromOptions
FNDA:20,(anonymous_14)
DA:1,1
DA:2,1
DA:3,1
DA:4,1
DA:5,1
DA:6,1
DA:7,3
DA:8,1
DA:9,1
DA:10,1
DA:11,3
DA:13,1
DA:14,2
DA:15,2
DA:16,31
DA:17,30
DA:19,2
DA:21,1
DA:22,2
DA:24,1
DA:25,0
DA:26,0
DA:27,2
DA:29,1
DA:30,1
DA:31,1
DA:35,1
DA:37,0
DA:38,0
DA:39,0
DA:41,0
DA:43,0
DA:44,0
DA:45,0
DA:46,0
DA:48,0
DA:51,1
DA:52,0
DA:54,0
DA:55,0
DA:56,0
DA:58,0
DA:59,0
DA:61,0
DA:64,0
DA:65,0
DA:66,0
DA:68,0
DA:71,2
DA:72,2
DA:73,2
DA:74,20
DA:75,12
DA:76,1
DA:77,1
DA:81,2
DA:84,1
LF:57
LH:35
BRDA:14,0,0,2
BRDA:14,0,1,0
BRDA:14,1,0,2
BRDA:14,1,1,2
BRDA:14,1,2,1
BRDA:16,2,0,30
BRDA:16,2,1,1
BRDA:16,3,0,31
BRDA:16,3,1,30
BRDA:17,4,0,30
BRDA:17,4,1,30
BRDA:22,5,0,2
BRDA:22,5,1,0
BRDA:22,6,0,0
BRDA:22,6,1,2
BRDA:22,7,0,2
BRDA:22,7,1,2
BRDA:22,7,2,0
BRDA:38,8,0,0
BRDA:38,8,1,0
BRDA:44,9,0,0
BRDA:44,9,1,0
BRDA:56,10,0,0
BRDA:56,10,1,0
BRDA:74,11,0,12
BRDA:74,11,1,8
BRDA:75,12,0,1
BRDA:75,12,1,11
BRDA:84,13,0,1
BRDA:84,13,1,0
BRF:30
BRH:19
end_of_record
TN:
SF:utils/monthlyHistory.ts
FN:20,(anonymous_0)
FN:24,(anonymous_1)
FN:26,(anonymous_2)
FN:35,(anonymous_3)
FN:37,(anonymous_4)
FN:46,(anonymous_5)
FN:54,(anonymous_6)
FN:62,(anonymous_7)
FN:65,(anonymous_8)
FN:71,(anonymous_9)
FN:73,(anonymous_10)
FN:84,(anonymous_11)
FN:89,monthlyHistory
FNF:13
FNH:7
FNDA:1,(anonymous_0)
FNDA:1,(anonymous_1)
FNDA:4,(anonymous_2)
FNDA:1,(anonymous_3)
FNDA:4,(anonymous_4)
FNDA:0,(anonymous_5)
FNDA:0,(anonymous_6)
FNDA:1,(anonymous_7)
FNDA:4,(anonymous_8)
FNDA:0,(anonymous_9)
FNDA:0,(anonymous_10)
FNDA:0,(anonymous_11)
FNDA:0,monthlyHistory
DA:17,1
DA:21,1
DA:25,1
DA:26,1
DA:27,4
DA:28,1
DA:29,1
DA:32,1
DA:36,1
DA:37,1
DA:38,4
DA:39,3
DA:40,3
DA:43,1
DA:47,0
DA:48,0
DA:55,0
DA:56,0
DA:63,1
DA:64,1
DA:65,1
DA:66,4
DA:68,1
DA:72,0
DA:73,0
DA:74,0
DA:75,0
DA:76,0
DA:77,0
DA:78,0
DA:81,0
DA:89,1
LF:32
LH:20
BRDA:27,0,0,1
BRDA:38,1,0,3
BRDA:74,2,0,0
BRDA:76,3,0,0
BRDA:84,4,0,0
BRF:5
BRH:2
end_of_record
